[2025-07-01 20:27:43] local.ERROR: Database connection [maskseti] not configured. {"exception":"[object] (InvalidArgumentException(code: 0): Database connection [maskseti] not configured. at /home/domains/wapi.gki-webik.ru/public_html/vendor/laravel/framework/src/Illuminate/Database/DatabaseManager.php:227)
[stacktrace]
#0 /home/domains/wapi.gki-webik.ru/public_html/vendor/laravel/framework/src/Illuminate/Database/DatabaseManager.php(191): Illuminate\\Database\\DatabaseManager->configuration()
#1 /home/domains/wapi.gki-webik.ru/public_html/vendor/laravel/framework/src/Illuminate/Database/DatabaseManager.php(102): Illuminate\\Database\\DatabaseManager->makeConnection()
#2 /home/domains/wapi.gki-webik.ru/public_html/vendor/laravel/framework/src/Illuminate/Database/Eloquent/Model.php(1918): Illuminate\\Database\\DatabaseManager->connection()
#3 /home/domains/wapi.gki-webik.ru/public_html/vendor/laravel/framework/src/Illuminate/Database/Eloquent/Model.php(1884): Illuminate\\Database\\Eloquent\\Model::resolveConnection()
#4 /home/domains/wapi.gki-webik.ru/public_html/vendor/laravel/framework/src/Illuminate/Database/Eloquent/Model.php(1664): Illuminate\\Database\\Eloquent\\Model->getConnection()
#5 /home/domains/wapi.gki-webik.ru/public_html/vendor/laravel/framework/src/Illuminate/Database/Eloquent/Model.php(1583): Illuminate\\Database\\Eloquent\\Model->newBaseQueryBuilder()
#6 /home/domains/wapi.gki-webik.ru/public_html/vendor/laravel/framework/src/Illuminate/Database/Eloquent/Model.php(1619): Illuminate\\Database\\Eloquent\\Model->newModelQuery()
#7 /home/domains/wapi.gki-webik.ru/public_html/vendor/laravel/framework/src/Illuminate/Database/Eloquent/Model.php(1572): Illuminate\\Database\\Eloquent\\Model->newQueryWithoutScopes()
#8 /home/domains/wapi.gki-webik.ru/public_html/vendor/laravel/framework/src/Illuminate/Database/Eloquent/Model.php(2449): Illuminate\\Database\\Eloquent\\Model->newQuery()
#9 /home/domains/wapi.gki-webik.ru/public_html/vendor/laravel/framework/src/Illuminate/Database/Eloquent/Model.php(2465): Illuminate\\Database\\Eloquent\\Model->__call()
#10 /home/domains/wapi.gki-webik.ru/public_html/app/Http/Controllers/Api/V2/maskseti/MasksetiController.php(45): Illuminate\\Database\\Eloquent\\Model::__callStatic()
#11 /home/domains/wapi.gki-webik.ru/public_html/vendor/laravel/framework/src/Illuminate/Routing/ControllerDispatcher.php(46): App\\Http\\Controllers\\Api\\V2\\maskseti\\MasksetiController->getPaymentDetails()
#12 /home/domains/wapi.gki-webik.ru/public_html/vendor/laravel/framework/src/Illuminate/Routing/Route.php(265): Illuminate\\Routing\\ControllerDispatcher->dispatch()
#13 /home/domains/wapi.gki-webik.ru/public_html/vendor/laravel/framework/src/Illuminate/Routing/Route.php(211): Illuminate\\Routing\\Route->runController()
#14 /home/domains/wapi.gki-webik.ru/public_html/vendor/laravel/framework/src/Illuminate/Routing/Router.php(808): Illuminate\\Routing\\Route->run()
#15 /home/domains/wapi.gki-webik.ru/public_html/vendor/laravel/framework/src/Illuminate/Pipeline/Pipeline.php(169): Illuminate\\Routing\\Router->Illuminate\\Routing\\{closure}()
#16 /home/domains/wapi.gki-webik.ru/public_html/vendor/laravel/framework/src/Illuminate/Routing/Middleware/SubstituteBindings.php(50): Illuminate\\Pipeline\\Pipeline->Illuminate\\Pipeline\\{closure}()
#17 /home/domains/wapi.gki-webik.ru/public_html/vendor/laravel/framework/src/Illuminate/Pipeline/Pipeline.php(208): Illuminate\\Routing\\Middleware\\SubstituteBindings->handle()
#18 /home/domains/wapi.gki-webik.ru/public_html/vendor/laravel/framework/src/Illuminate/Foundation/Http/Middleware/VerifyCsrfToken.php(87): Illuminate\\Pipeline\\Pipeline->Illuminate\\Pipeline\\{closure}()
#19 /home/domains/wapi.gki-webik.ru/public_html/vendor/laravel/framework/src/Illuminate/Pipeline/Pipeline.php(208): Illuminate\\Foundation\\Http\\Middleware\\VerifyCsrfToken->handle()
#20 /home/domains/wapi.gki-webik.ru/public_html/vendor/laravel/framework/src/Illuminate/View/Middleware/ShareErrorsFromSession.php(48): Illuminate\\Pipeline\\Pipeline->Illuminate\\Pipeline\\{closure}()
#21 /home/domains/wapi.gki-webik.ru/public_html/vendor/laravel/framework/src/Illuminate/Pipeline/Pipeline.php(208): Illuminate\\View\\Middleware\\ShareErrorsFromSession->handle()
#22 /home/domains/wapi.gki-webik.ru/public_html/vendor/laravel/framework/src/Illuminate/Session/Middleware/StartSession.php(120): Illuminate\\Pipeline\\Pipeline->Illuminate\\Pipeline\\{closure}()
#23 /home/domains/wapi.gki-webik.ru/public_html/vendor/laravel/framework/src/Illuminate/Session/Middleware/StartSession.php(63): Illuminate\\Session\\Middleware\\StartSession->handleStatefulRequest()
#24 /home/domains/wapi.gki-webik.ru/public_html/vendor/laravel/framework/src/Illuminate/Pipeline/Pipeline.php(208): Illuminate\\Session\\Middleware\\StartSession->handle()
#25 /home/domains/wapi.gki-webik.ru/public_html/vendor/laravel/framework/src/Illuminate/Cookie/Middleware/AddQueuedCookiesToResponse.php(36): Illuminate\\Pipeline\\Pipeline->Illuminate\\Pipeline\\{closure}()
#26 /home/domains/wapi.gki-webik.ru/public_html/vendor/laravel/framework/src/Illuminate/Pipeline/Pipeline.php(208): Illuminate\\Cookie\\Middleware\\AddQueuedCookiesToResponse->handle()
#27 /home/domains/wapi.gki-webik.ru/public_html/vendor/laravel/framework/src/Illuminate/Cookie/Middleware/EncryptCookies.php(74): Illuminate\\Pipeline\\Pipeline->Illuminate\\Pipeline\\{closure}()
#28 /home/domains/wapi.gki-webik.ru/public_html/vendor/laravel/framework/src/Illuminate/Pipeline/Pipeline.php(208): Illuminate\\Cookie\\Middleware\\EncryptCookies->handle()
#29 /home/domains/wapi.gki-webik.ru/public_html/vendor/laravel/framework/src/Illuminate/Pipeline/Pipeline.php(126): Illuminate\\Pipeline\\Pipeline->Illuminate\\Pipeline\\{closure}()
#30 /home/domains/wapi.gki-webik.ru/public_html/vendor/laravel/framework/src/Illuminate/Routing/Router.php(807): Illuminate\\Pipeline\\Pipeline->then()
#31 /home/domains/wapi.gki-webik.ru/public_html/vendor/laravel/framework/src/Illuminate/Routing/Router.php(786): Illuminate\\Routing\\Router->runRouteWithinStack()
#32 /home/domains/wapi.gki-webik.ru/public_html/vendor/laravel/framework/src/Illuminate/Routing/Router.php(750): Illuminate\\Routing\\Router->runRoute()
#33 /home/domains/wapi.gki-webik.ru/public_html/vendor/laravel/framework/src/Illuminate/Routing/Router.php(739): Illuminate\\Routing\\Router->dispatchToRoute()
#34 /home/domains/wapi.gki-webik.ru/public_html/vendor/laravel/framework/src/Illuminate/Foundation/Http/Kernel.php(200): Illuminate\\Routing\\Router->dispatch()
#35 /home/domains/wapi.gki-webik.ru/public_html/vendor/laravel/framework/src/Illuminate/Pipeline/Pipeline.php(169): Illuminate\\Foundation\\Http\\Kernel->Illuminate\\Foundation\\Http\\{closure}()
#36 /home/domains/wapi.gki-webik.ru/public_html/vendor/laravel/framework/src/Illuminate/Foundation/Http/Middleware/TransformsRequest.php(21): Illuminate\\Pipeline\\Pipeline->Illuminate\\Pipeline\\{closure}()
#37 /home/domains/wapi.gki-webik.ru/public_html/vendor/laravel/framework/src/Illuminate/Foundation/Http/Middleware/ConvertEmptyStringsToNull.php(31): Illuminate\\Foundation\\Http\\Middleware\\TransformsRequest->handle()
#38 /home/domains/wapi.gki-webik.ru/public_html/vendor/laravel/framework/src/Illuminate/Pipeline/Pipeline.php(208): Illuminate\\Foundation\\Http\\Middleware\\ConvertEmptyStringsToNull->handle()
#39 /home/domains/wapi.gki-webik.ru/public_html/vendor/laravel/framework/src/Illuminate/Foundation/Http/Middleware/TransformsRequest.php(21): Illuminate\\Pipeline\\Pipeline->Illuminate\\Pipeline\\{closure}()
#40 /home/domains/wapi.gki-webik.ru/public_html/vendor/laravel/framework/src/Illuminate/Foundation/Http/Middleware/TrimStrings.php(51): Illuminate\\Foundation\\Http\\Middleware\\TransformsRequest->handle()
#41 /home/domains/wapi.gki-webik.ru/public_html/vendor/laravel/framework/src/Illuminate/Pipeline/Pipeline.php(208): Illuminate\\Foundation\\Http\\Middleware\\TrimStrings->handle()
#42 /home/domains/wapi.gki-webik.ru/public_html/vendor/laravel/framework/src/Illuminate/Http/Middleware/ValidatePostSize.php(27): Illuminate\\Pipeline\\Pipeline->Illuminate\\Pipeline\\{closure}()
#43 /home/domains/wapi.gki-webik.ru/public_html/vendor/laravel/framework/src/Illuminate/Pipeline/Pipeline.php(208): Illuminate\\Http\\Middleware\\ValidatePostSize->handle()
#44 /home/domains/wapi.gki-webik.ru/public_html/vendor/laravel/framework/src/Illuminate/Foundation/Http/Middleware/PreventRequestsDuringMaintenance.php(109): Illuminate\\Pipeline\\Pipeline->Illuminate\\Pipeline\\{closure}()
#45 /home/domains/wapi.gki-webik.ru/public_html/vendor/laravel/framework/src/Illuminate/Pipeline/Pipeline.php(208): Illuminate\\Foundation\\Http\\Middleware\\PreventRequestsDuringMaintenance->handle()
#46 /home/domains/wapi.gki-webik.ru/public_html/vendor/laravel/framework/src/Illuminate/Http/Middleware/HandleCors.php(61): Illuminate\\Pipeline\\Pipeline->Illuminate\\Pipeline\\{closure}()
#47 /home/domains/wapi.gki-webik.ru/public_html/vendor/laravel/framework/src/Illuminate/Pipeline/Pipeline.php(208): Illuminate\\Http\\Middleware\\HandleCors->handle()
#48 /home/domains/wapi.gki-webik.ru/public_html/vendor/laravel/framework/src/Illuminate/Http/Middleware/TrustProxies.php(58): Illuminate\\Pipeline\\Pipeline->Illuminate\\Pipeline\\{closure}()
#49 /home/domains/wapi.gki-webik.ru/public_html/vendor/laravel/framework/src/Illuminate/Pipeline/Pipeline.php(208): Illuminate\\Http\\Middleware\\TrustProxies->handle()
#50 /home/domains/wapi.gki-webik.ru/public_html/vendor/laravel/framework/src/Illuminate/Foundation/Http/Middleware/InvokeDeferredCallbacks.php(22): Illuminate\\Pipeline\\Pipeline->Illuminate\\Pipeline\\{closure}()
#51 /home/domains/wapi.gki-webik.ru/public_html/vendor/laravel/framework/src/Illuminate/Pipeline/Pipeline.php(208): Illuminate\\Foundation\\Http\\Middleware\\InvokeDeferredCallbacks->handle()
#52 /home/domains/wapi.gki-webik.ru/public_html/vendor/laravel/framework/src/Illuminate/Http/Middleware/ValidatePathEncoding.php(26): Illuminate\\Pipeline\\Pipeline->Illuminate\\Pipeline\\{closure}()
#53 /home/domains/wapi.gki-webik.ru/public_html/vendor/laravel/framework/src/Illuminate/Pipeline/Pipeline.php(208): Illuminate\\Http\\Middleware\\ValidatePathEncoding->handle()
#54 /home/domains/wapi.gki-webik.ru/public_html/app/Modules/Components/CorsValidate.php(266): Illuminate\\Pipeline\\Pipeline->Illuminate\\Pipeline\\{closure}()
#55 /home/domains/wapi.gki-webik.ru/public_html/vendor/laravel/framework/src/Illuminate/Pipeline/Pipeline.php(208): App\\Modules\\Components\\CorsValidate->handle()
#56 /home/domains/wapi.gki-webik.ru/public_html/vendor/laravel/framework/src/Illuminate/Pipeline/Pipeline.php(126): Illuminate\\Pipeline\\Pipeline->Illuminate\\Pipeline\\{closure}()
#57 /home/domains/wapi.gki-webik.ru/public_html/vendor/laravel/framework/src/Illuminate/Foundation/Http/Kernel.php(175): Illuminate\\Pipeline\\Pipeline->then()
#58 /home/domains/wapi.gki-webik.ru/public_html/vendor/laravel/framework/src/Illuminate/Foundation/Http/Kernel.php(144): Illuminate\\Foundation\\Http\\Kernel->sendRequestThroughRouter()
#59 /home/domains/wapi.gki-webik.ru/public_html/vendor/laravel/framework/src/Illuminate/Foundation/Application.php(1219): Illuminate\\Foundation\\Http\\Kernel->handle()
#60 /home/domains/wapi.gki-webik.ru/public_html/public/index.php(20): Illuminate\\Foundation\\Application->handleRequest()
#61 {main}
"} 
[2025-07-01 20:27:43] local.ERROR: Database connection [maskseti] not configured. {"exception":"[object] (InvalidArgumentException(code: 0): Database connection [maskseti] not configured. at /home/domains/wapi.gki-webik.ru/public_html/vendor/laravel/framework/src/Illuminate/Database/DatabaseManager.php:227)
[stacktrace]
#0 /home/domains/wapi.gki-webik.ru/public_html/vendor/laravel/framework/src/Illuminate/Database/DatabaseManager.php(191): Illuminate\\Database\\DatabaseManager->configuration()
#1 /home/domains/wapi.gki-webik.ru/public_html/vendor/laravel/framework/src/Illuminate/Database/DatabaseManager.php(102): Illuminate\\Database\\DatabaseManager->makeConnection()
#2 /home/domains/wapi.gki-webik.ru/public_html/vendor/laravel/framework/src/Illuminate/Database/Eloquent/Model.php(1918): Illuminate\\Database\\DatabaseManager->connection()
#3 /home/domains/wapi.gki-webik.ru/public_html/vendor/laravel/framework/src/Illuminate/Database/Eloquent/Model.php(1884): Illuminate\\Database\\Eloquent\\Model::resolveConnection()
#4 /home/domains/wapi.gki-webik.ru/public_html/vendor/laravel/framework/src/Illuminate/Database/Eloquent/Model.php(1664): Illuminate\\Database\\Eloquent\\Model->getConnection()
#5 /home/domains/wapi.gki-webik.ru/public_html/vendor/laravel/framework/src/Illuminate/Database/Eloquent/Model.php(1583): Illuminate\\Database\\Eloquent\\Model->newBaseQueryBuilder()
#6 /home/domains/wapi.gki-webik.ru/public_html/vendor/laravel/framework/src/Illuminate/Database/Eloquent/Model.php(1619): Illuminate\\Database\\Eloquent\\Model->newModelQuery()
#7 /home/domains/wapi.gki-webik.ru/public_html/vendor/laravel/framework/src/Illuminate/Database/Eloquent/Model.php(1572): Illuminate\\Database\\Eloquent\\Model->newQueryWithoutScopes()
#8 /home/domains/wapi.gki-webik.ru/public_html/vendor/laravel/framework/src/Illuminate/Database/Eloquent/Model.php(2449): Illuminate\\Database\\Eloquent\\Model->newQuery()
#9 /home/domains/wapi.gki-webik.ru/public_html/vendor/laravel/framework/src/Illuminate/Database/Eloquent/Model.php(2465): Illuminate\\Database\\Eloquent\\Model->__call()
#10 /home/domains/wapi.gki-webik.ru/public_html/app/Http/Controllers/Api/V2/maskseti/MasksetiController.php(33): Illuminate\\Database\\Eloquent\\Model::__callStatic()
#11 /home/domains/wapi.gki-webik.ru/public_html/vendor/laravel/framework/src/Illuminate/Routing/ControllerDispatcher.php(46): App\\Http\\Controllers\\Api\\V2\\maskseti\\MasksetiController->getAboutUs()
#12 /home/domains/wapi.gki-webik.ru/public_html/vendor/laravel/framework/src/Illuminate/Routing/Route.php(265): Illuminate\\Routing\\ControllerDispatcher->dispatch()
#13 /home/domains/wapi.gki-webik.ru/public_html/vendor/laravel/framework/src/Illuminate/Routing/Route.php(211): Illuminate\\Routing\\Route->runController()
#14 /home/domains/wapi.gki-webik.ru/public_html/vendor/laravel/framework/src/Illuminate/Routing/Router.php(808): Illuminate\\Routing\\Route->run()
#15 /home/domains/wapi.gki-webik.ru/public_html/vendor/laravel/framework/src/Illuminate/Pipeline/Pipeline.php(169): Illuminate\\Routing\\Router->Illuminate\\Routing\\{closure}()
#16 /home/domains/wapi.gki-webik.ru/public_html/vendor/laravel/framework/src/Illuminate/Routing/Middleware/SubstituteBindings.php(50): Illuminate\\Pipeline\\Pipeline->Illuminate\\Pipeline\\{closure}()
#17 /home/domains/wapi.gki-webik.ru/public_html/vendor/laravel/framework/src/Illuminate/Pipeline/Pipeline.php(208): Illuminate\\Routing\\Middleware\\SubstituteBindings->handle()
#18 /home/domains/wapi.gki-webik.ru/public_html/vendor/laravel/framework/src/Illuminate/Foundation/Http/Middleware/VerifyCsrfToken.php(87): Illuminate\\Pipeline\\Pipeline->Illuminate\\Pipeline\\{closure}()
#19 /home/domains/wapi.gki-webik.ru/public_html/vendor/laravel/framework/src/Illuminate/Pipeline/Pipeline.php(208): Illuminate\\Foundation\\Http\\Middleware\\VerifyCsrfToken->handle()
#20 /home/domains/wapi.gki-webik.ru/public_html/vendor/laravel/framework/src/Illuminate/View/Middleware/ShareErrorsFromSession.php(48): Illuminate\\Pipeline\\Pipeline->Illuminate\\Pipeline\\{closure}()
#21 /home/domains/wapi.gki-webik.ru/public_html/vendor/laravel/framework/src/Illuminate/Pipeline/Pipeline.php(208): Illuminate\\View\\Middleware\\ShareErrorsFromSession->handle()
#22 /home/domains/wapi.gki-webik.ru/public_html/vendor/laravel/framework/src/Illuminate/Session/Middleware/StartSession.php(120): Illuminate\\Pipeline\\Pipeline->Illuminate\\Pipeline\\{closure}()
#23 /home/domains/wapi.gki-webik.ru/public_html/vendor/laravel/framework/src/Illuminate/Session/Middleware/StartSession.php(63): Illuminate\\Session\\Middleware\\StartSession->handleStatefulRequest()
#24 /home/domains/wapi.gki-webik.ru/public_html/vendor/laravel/framework/src/Illuminate/Pipeline/Pipeline.php(208): Illuminate\\Session\\Middleware\\StartSession->handle()
#25 /home/domains/wapi.gki-webik.ru/public_html/vendor/laravel/framework/src/Illuminate/Cookie/Middleware/AddQueuedCookiesToResponse.php(36): Illuminate\\Pipeline\\Pipeline->Illuminate\\Pipeline\\{closure}()
#26 /home/domains/wapi.gki-webik.ru/public_html/vendor/laravel/framework/src/Illuminate/Pipeline/Pipeline.php(208): Illuminate\\Cookie\\Middleware\\AddQueuedCookiesToResponse->handle()
#27 /home/domains/wapi.gki-webik.ru/public_html/vendor/laravel/framework/src/Illuminate/Cookie/Middleware/EncryptCookies.php(74): Illuminate\\Pipeline\\Pipeline->Illuminate\\Pipeline\\{closure}()
#28 /home/domains/wapi.gki-webik.ru/public_html/vendor/laravel/framework/src/Illuminate/Pipeline/Pipeline.php(208): Illuminate\\Cookie\\Middleware\\EncryptCookies->handle()
#29 /home/domains/wapi.gki-webik.ru/public_html/vendor/laravel/framework/src/Illuminate/Pipeline/Pipeline.php(126): Illuminate\\Pipeline\\Pipeline->Illuminate\\Pipeline\\{closure}()
#30 /home/domains/wapi.gki-webik.ru/public_html/vendor/laravel/framework/src/Illuminate/Routing/Router.php(807): Illuminate\\Pipeline\\Pipeline->then()
#31 /home/domains/wapi.gki-webik.ru/public_html/vendor/laravel/framework/src/Illuminate/Routing/Router.php(786): Illuminate\\Routing\\Router->runRouteWithinStack()
#32 /home/domains/wapi.gki-webik.ru/public_html/vendor/laravel/framework/src/Illuminate/Routing/Router.php(750): Illuminate\\Routing\\Router->runRoute()
#33 /home/domains/wapi.gki-webik.ru/public_html/vendor/laravel/framework/src/Illuminate/Routing/Router.php(739): Illuminate\\Routing\\Router->dispatchToRoute()
#34 /home/domains/wapi.gki-webik.ru/public_html/vendor/laravel/framework/src/Illuminate/Foundation/Http/Kernel.php(200): Illuminate\\Routing\\Router->dispatch()
#35 /home/domains/wapi.gki-webik.ru/public_html/vendor/laravel/framework/src/Illuminate/Pipeline/Pipeline.php(169): Illuminate\\Foundation\\Http\\Kernel->Illuminate\\Foundation\\Http\\{closure}()
#36 /home/domains/wapi.gki-webik.ru/public_html/vendor/laravel/framework/src/Illuminate/Foundation/Http/Middleware/TransformsRequest.php(21): Illuminate\\Pipeline\\Pipeline->Illuminate\\Pipeline\\{closure}()
#37 /home/domains/wapi.gki-webik.ru/public_html/vendor/laravel/framework/src/Illuminate/Foundation/Http/Middleware/ConvertEmptyStringsToNull.php(31): Illuminate\\Foundation\\Http\\Middleware\\TransformsRequest->handle()
#38 /home/domains/wapi.gki-webik.ru/public_html/vendor/laravel/framework/src/Illuminate/Pipeline/Pipeline.php(208): Illuminate\\Foundation\\Http\\Middleware\\ConvertEmptyStringsToNull->handle()
#39 /home/domains/wapi.gki-webik.ru/public_html/vendor/laravel/framework/src/Illuminate/Foundation/Http/Middleware/TransformsRequest.php(21): Illuminate\\Pipeline\\Pipeline->Illuminate\\Pipeline\\{closure}()
#40 /home/domains/wapi.gki-webik.ru/public_html/vendor/laravel/framework/src/Illuminate/Foundation/Http/Middleware/TrimStrings.php(51): Illuminate\\Foundation\\Http\\Middleware\\TransformsRequest->handle()
#41 /home/domains/wapi.gki-webik.ru/public_html/vendor/laravel/framework/src/Illuminate/Pipeline/Pipeline.php(208): Illuminate\\Foundation\\Http\\Middleware\\TrimStrings->handle()
#42 /home/domains/wapi.gki-webik.ru/public_html/vendor/laravel/framework/src/Illuminate/Http/Middleware/ValidatePostSize.php(27): Illuminate\\Pipeline\\Pipeline->Illuminate\\Pipeline\\{closure}()
#43 /home/domains/wapi.gki-webik.ru/public_html/vendor/laravel/framework/src/Illuminate/Pipeline/Pipeline.php(208): Illuminate\\Http\\Middleware\\ValidatePostSize->handle()
#44 /home/domains/wapi.gki-webik.ru/public_html/vendor/laravel/framework/src/Illuminate/Foundation/Http/Middleware/PreventRequestsDuringMaintenance.php(109): Illuminate\\Pipeline\\Pipeline->Illuminate\\Pipeline\\{closure}()
#45 /home/domains/wapi.gki-webik.ru/public_html/vendor/laravel/framework/src/Illuminate/Pipeline/Pipeline.php(208): Illuminate\\Foundation\\Http\\Middleware\\PreventRequestsDuringMaintenance->handle()
#46 /home/domains/wapi.gki-webik.ru/public_html/vendor/laravel/framework/src/Illuminate/Http/Middleware/HandleCors.php(61): Illuminate\\Pipeline\\Pipeline->Illuminate\\Pipeline\\{closure}()
#47 /home/domains/wapi.gki-webik.ru/public_html/vendor/laravel/framework/src/Illuminate/Pipeline/Pipeline.php(208): Illuminate\\Http\\Middleware\\HandleCors->handle()
#48 /home/domains/wapi.gki-webik.ru/public_html/vendor/laravel/framework/src/Illuminate/Http/Middleware/TrustProxies.php(58): Illuminate\\Pipeline\\Pipeline->Illuminate\\Pipeline\\{closure}()
#49 /home/domains/wapi.gki-webik.ru/public_html/vendor/laravel/framework/src/Illuminate/Pipeline/Pipeline.php(208): Illuminate\\Http\\Middleware\\TrustProxies->handle()
#50 /home/domains/wapi.gki-webik.ru/public_html/vendor/laravel/framework/src/Illuminate/Foundation/Http/Middleware/InvokeDeferredCallbacks.php(22): Illuminate\\Pipeline\\Pipeline->Illuminate\\Pipeline\\{closure}()
#51 /home/domains/wapi.gki-webik.ru/public_html/vendor/laravel/framework/src/Illuminate/Pipeline/Pipeline.php(208): Illuminate\\Foundation\\Http\\Middleware\\InvokeDeferredCallbacks->handle()
#52 /home/domains/wapi.gki-webik.ru/public_html/vendor/laravel/framework/src/Illuminate/Http/Middleware/ValidatePathEncoding.php(26): Illuminate\\Pipeline\\Pipeline->Illuminate\\Pipeline\\{closure}()
#53 /home/domains/wapi.gki-webik.ru/public_html/vendor/laravel/framework/src/Illuminate/Pipeline/Pipeline.php(208): Illuminate\\Http\\Middleware\\ValidatePathEncoding->handle()
#54 /home/domains/wapi.gki-webik.ru/public_html/app/Modules/Components/CorsValidate.php(266): Illuminate\\Pipeline\\Pipeline->Illuminate\\Pipeline\\{closure}()
#55 /home/domains/wapi.gki-webik.ru/public_html/vendor/laravel/framework/src/Illuminate/Pipeline/Pipeline.php(208): App\\Modules\\Components\\CorsValidate->handle()
#56 /home/domains/wapi.gki-webik.ru/public_html/vendor/laravel/framework/src/Illuminate/Pipeline/Pipeline.php(126): Illuminate\\Pipeline\\Pipeline->Illuminate\\Pipeline\\{closure}()
#57 /home/domains/wapi.gki-webik.ru/public_html/vendor/laravel/framework/src/Illuminate/Foundation/Http/Kernel.php(175): Illuminate\\Pipeline\\Pipeline->then()
#58 /home/domains/wapi.gki-webik.ru/public_html/vendor/laravel/framework/src/Illuminate/Foundation/Http/Kernel.php(144): Illuminate\\Foundation\\Http\\Kernel->sendRequestThroughRouter()
#59 /home/domains/wapi.gki-webik.ru/public_html/vendor/laravel/framework/src/Illuminate/Foundation/Application.php(1219): Illuminate\\Foundation\\Http\\Kernel->handle()
#60 /home/domains/wapi.gki-webik.ru/public_html/public/index.php(20): Illuminate\\Foundation\\Application->handleRequest()
#61 {main}
"} 
[2025-07-01 20:27:43] local.ERROR: Database connection [maskseti] not configured. {"exception":"[object] (InvalidArgumentException(code: 0): Database connection [maskseti] not configured. at /home/domains/wapi.gki-webik.ru/public_html/vendor/laravel/framework/src/Illuminate/Database/DatabaseManager.php:227)
[stacktrace]
#0 /home/domains/wapi.gki-webik.ru/public_html/vendor/laravel/framework/src/Illuminate/Database/DatabaseManager.php(191): Illuminate\\Database\\DatabaseManager->configuration()
#1 /home/domains/wapi.gki-webik.ru/public_html/vendor/laravel/framework/src/Illuminate/Database/DatabaseManager.php(102): Illuminate\\Database\\DatabaseManager->makeConnection()
#2 /home/domains/wapi.gki-webik.ru/public_html/vendor/laravel/framework/src/Illuminate/Database/Eloquent/Model.php(1918): Illuminate\\Database\\DatabaseManager->connection()
#3 /home/domains/wapi.gki-webik.ru/public_html/vendor/laravel/framework/src/Illuminate/Database/Eloquent/Model.php(1884): Illuminate\\Database\\Eloquent\\Model::resolveConnection()
#4 /home/domains/wapi.gki-webik.ru/public_html/vendor/laravel/framework/src/Illuminate/Database/Eloquent/Model.php(1664): Illuminate\\Database\\Eloquent\\Model->getConnection()
#5 /home/domains/wapi.gki-webik.ru/public_html/vendor/laravel/framework/src/Illuminate/Database/Eloquent/Model.php(1583): Illuminate\\Database\\Eloquent\\Model->newBaseQueryBuilder()
#6 /home/domains/wapi.gki-webik.ru/public_html/vendor/laravel/framework/src/Illuminate/Database/Eloquent/Model.php(1619): Illuminate\\Database\\Eloquent\\Model->newModelQuery()
#7 /home/domains/wapi.gki-webik.ru/public_html/vendor/laravel/framework/src/Illuminate/Database/Eloquent/Model.php(1572): Illuminate\\Database\\Eloquent\\Model->newQueryWithoutScopes()
#8 /home/domains/wapi.gki-webik.ru/public_html/vendor/laravel/framework/src/Illuminate/Database/Eloquent/Model.php(2449): Illuminate\\Database\\Eloquent\\Model->newQuery()
#9 /home/domains/wapi.gki-webik.ru/public_html/vendor/laravel/framework/src/Illuminate/Database/Eloquent/Model.php(2465): Illuminate\\Database\\Eloquent\\Model->__call()
#10 /home/domains/wapi.gki-webik.ru/public_html/app/Http/Controllers/Api/V2/maskseti/MasksetiController.php(39): Illuminate\\Database\\Eloquent\\Model::__callStatic()
#11 /home/domains/wapi.gki-webik.ru/public_html/vendor/laravel/framework/src/Illuminate/Routing/ControllerDispatcher.php(46): App\\Http\\Controllers\\Api\\V2\\maskseti\\MasksetiController->getNews()
#12 /home/domains/wapi.gki-webik.ru/public_html/vendor/laravel/framework/src/Illuminate/Routing/Route.php(265): Illuminate\\Routing\\ControllerDispatcher->dispatch()
#13 /home/domains/wapi.gki-webik.ru/public_html/vendor/laravel/framework/src/Illuminate/Routing/Route.php(211): Illuminate\\Routing\\Route->runController()
#14 /home/domains/wapi.gki-webik.ru/public_html/vendor/laravel/framework/src/Illuminate/Routing/Router.php(808): Illuminate\\Routing\\Route->run()
#15 /home/domains/wapi.gki-webik.ru/public_html/vendor/laravel/framework/src/Illuminate/Pipeline/Pipeline.php(169): Illuminate\\Routing\\Router->Illuminate\\Routing\\{closure}()
#16 /home/domains/wapi.gki-webik.ru/public_html/vendor/laravel/framework/src/Illuminate/Routing/Middleware/SubstituteBindings.php(50): Illuminate\\Pipeline\\Pipeline->Illuminate\\Pipeline\\{closure}()
#17 /home/domains/wapi.gki-webik.ru/public_html/vendor/laravel/framework/src/Illuminate/Pipeline/Pipeline.php(208): Illuminate\\Routing\\Middleware\\SubstituteBindings->handle()
#18 /home/domains/wapi.gki-webik.ru/public_html/vendor/laravel/framework/src/Illuminate/Foundation/Http/Middleware/VerifyCsrfToken.php(87): Illuminate\\Pipeline\\Pipeline->Illuminate\\Pipeline\\{closure}()
#19 /home/domains/wapi.gki-webik.ru/public_html/vendor/laravel/framework/src/Illuminate/Pipeline/Pipeline.php(208): Illuminate\\Foundation\\Http\\Middleware\\VerifyCsrfToken->handle()
#20 /home/domains/wapi.gki-webik.ru/public_html/vendor/laravel/framework/src/Illuminate/View/Middleware/ShareErrorsFromSession.php(48): Illuminate\\Pipeline\\Pipeline->Illuminate\\Pipeline\\{closure}()
#21 /home/domains/wapi.gki-webik.ru/public_html/vendor/laravel/framework/src/Illuminate/Pipeline/Pipeline.php(208): Illuminate\\View\\Middleware\\ShareErrorsFromSession->handle()
#22 /home/domains/wapi.gki-webik.ru/public_html/vendor/laravel/framework/src/Illuminate/Session/Middleware/StartSession.php(120): Illuminate\\Pipeline\\Pipeline->Illuminate\\Pipeline\\{closure}()
#23 /home/domains/wapi.gki-webik.ru/public_html/vendor/laravel/framework/src/Illuminate/Session/Middleware/StartSession.php(63): Illuminate\\Session\\Middleware\\StartSession->handleStatefulRequest()
#24 /home/domains/wapi.gki-webik.ru/public_html/vendor/laravel/framework/src/Illuminate/Pipeline/Pipeline.php(208): Illuminate\\Session\\Middleware\\StartSession->handle()
#25 /home/domains/wapi.gki-webik.ru/public_html/vendor/laravel/framework/src/Illuminate/Cookie/Middleware/AddQueuedCookiesToResponse.php(36): Illuminate\\Pipeline\\Pipeline->Illuminate\\Pipeline\\{closure}()
#26 /home/domains/wapi.gki-webik.ru/public_html/vendor/laravel/framework/src/Illuminate/Pipeline/Pipeline.php(208): Illuminate\\Cookie\\Middleware\\AddQueuedCookiesToResponse->handle()
#27 /home/domains/wapi.gki-webik.ru/public_html/vendor/laravel/framework/src/Illuminate/Cookie/Middleware/EncryptCookies.php(74): Illuminate\\Pipeline\\Pipeline->Illuminate\\Pipeline\\{closure}()
#28 /home/domains/wapi.gki-webik.ru/public_html/vendor/laravel/framework/src/Illuminate/Pipeline/Pipeline.php(208): Illuminate\\Cookie\\Middleware\\EncryptCookies->handle()
#29 /home/domains/wapi.gki-webik.ru/public_html/vendor/laravel/framework/src/Illuminate/Pipeline/Pipeline.php(126): Illuminate\\Pipeline\\Pipeline->Illuminate\\Pipeline\\{closure}()
#30 /home/domains/wapi.gki-webik.ru/public_html/vendor/laravel/framework/src/Illuminate/Routing/Router.php(807): Illuminate\\Pipeline\\Pipeline->then()
#31 /home/domains/wapi.gki-webik.ru/public_html/vendor/laravel/framework/src/Illuminate/Routing/Router.php(786): Illuminate\\Routing\\Router->runRouteWithinStack()
#32 /home/domains/wapi.gki-webik.ru/public_html/vendor/laravel/framework/src/Illuminate/Routing/Router.php(750): Illuminate\\Routing\\Router->runRoute()
#33 /home/domains/wapi.gki-webik.ru/public_html/vendor/laravel/framework/src/Illuminate/Routing/Router.php(739): Illuminate\\Routing\\Router->dispatchToRoute()
#34 /home/domains/wapi.gki-webik.ru/public_html/vendor/laravel/framework/src/Illuminate/Foundation/Http/Kernel.php(200): Illuminate\\Routing\\Router->dispatch()
#35 /home/domains/wapi.gki-webik.ru/public_html/vendor/laravel/framework/src/Illuminate/Pipeline/Pipeline.php(169): Illuminate\\Foundation\\Http\\Kernel->Illuminate\\Foundation\\Http\\{closure}()
#36 /home/domains/wapi.gki-webik.ru/public_html/vendor/laravel/framework/src/Illuminate/Foundation/Http/Middleware/TransformsRequest.php(21): Illuminate\\Pipeline\\Pipeline->Illuminate\\Pipeline\\{closure}()
#37 /home/domains/wapi.gki-webik.ru/public_html/vendor/laravel/framework/src/Illuminate/Foundation/Http/Middleware/ConvertEmptyStringsToNull.php(31): Illuminate\\Foundation\\Http\\Middleware\\TransformsRequest->handle()
#38 /home/domains/wapi.gki-webik.ru/public_html/vendor/laravel/framework/src/Illuminate/Pipeline/Pipeline.php(208): Illuminate\\Foundation\\Http\\Middleware\\ConvertEmptyStringsToNull->handle()
#39 /home/domains/wapi.gki-webik.ru/public_html/vendor/laravel/framework/src/Illuminate/Foundation/Http/Middleware/TransformsRequest.php(21): Illuminate\\Pipeline\\Pipeline->Illuminate\\Pipeline\\{closure}()
#40 /home/domains/wapi.gki-webik.ru/public_html/vendor/laravel/framework/src/Illuminate/Foundation/Http/Middleware/TrimStrings.php(51): Illuminate\\Foundation\\Http\\Middleware\\TransformsRequest->handle()
#41 /home/domains/wapi.gki-webik.ru/public_html/vendor/laravel/framework/src/Illuminate/Pipeline/Pipeline.php(208): Illuminate\\Foundation\\Http\\Middleware\\TrimStrings->handle()
#42 /home/domains/wapi.gki-webik.ru/public_html/vendor/laravel/framework/src/Illuminate/Http/Middleware/ValidatePostSize.php(27): Illuminate\\Pipeline\\Pipeline->Illuminate\\Pipeline\\{closure}()
#43 /home/domains/wapi.gki-webik.ru/public_html/vendor/laravel/framework/src/Illuminate/Pipeline/Pipeline.php(208): Illuminate\\Http\\Middleware\\ValidatePostSize->handle()
#44 /home/domains/wapi.gki-webik.ru/public_html/vendor/laravel/framework/src/Illuminate/Foundation/Http/Middleware/PreventRequestsDuringMaintenance.php(109): Illuminate\\Pipeline\\Pipeline->Illuminate\\Pipeline\\{closure}()
#45 /home/domains/wapi.gki-webik.ru/public_html/vendor/laravel/framework/src/Illuminate/Pipeline/Pipeline.php(208): Illuminate\\Foundation\\Http\\Middleware\\PreventRequestsDuringMaintenance->handle()
#46 /home/domains/wapi.gki-webik.ru/public_html/vendor/laravel/framework/src/Illuminate/Http/Middleware/HandleCors.php(61): Illuminate\\Pipeline\\Pipeline->Illuminate\\Pipeline\\{closure}()
#47 /home/domains/wapi.gki-webik.ru/public_html/vendor/laravel/framework/src/Illuminate/Pipeline/Pipeline.php(208): Illuminate\\Http\\Middleware\\HandleCors->handle()
#48 /home/domains/wapi.gki-webik.ru/public_html/vendor/laravel/framework/src/Illuminate/Http/Middleware/TrustProxies.php(58): Illuminate\\Pipeline\\Pipeline->Illuminate\\Pipeline\\{closure}()
#49 /home/domains/wapi.gki-webik.ru/public_html/vendor/laravel/framework/src/Illuminate/Pipeline/Pipeline.php(208): Illuminate\\Http\\Middleware\\TrustProxies->handle()
#50 /home/domains/wapi.gki-webik.ru/public_html/vendor/laravel/framework/src/Illuminate/Foundation/Http/Middleware/InvokeDeferredCallbacks.php(22): Illuminate\\Pipeline\\Pipeline->Illuminate\\Pipeline\\{closure}()
#51 /home/domains/wapi.gki-webik.ru/public_html/vendor/laravel/framework/src/Illuminate/Pipeline/Pipeline.php(208): Illuminate\\Foundation\\Http\\Middleware\\InvokeDeferredCallbacks->handle()
#52 /home/domains/wapi.gki-webik.ru/public_html/vendor/laravel/framework/src/Illuminate/Http/Middleware/ValidatePathEncoding.php(26): Illuminate\\Pipeline\\Pipeline->Illuminate\\Pipeline\\{closure}()
#53 /home/domains/wapi.gki-webik.ru/public_html/vendor/laravel/framework/src/Illuminate/Pipeline/Pipeline.php(208): Illuminate\\Http\\Middleware\\ValidatePathEncoding->handle()
#54 /home/domains/wapi.gki-webik.ru/public_html/app/Modules/Components/CorsValidate.php(266): Illuminate\\Pipeline\\Pipeline->Illuminate\\Pipeline\\{closure}()
#55 /home/domains/wapi.gki-webik.ru/public_html/vendor/laravel/framework/src/Illuminate/Pipeline/Pipeline.php(208): App\\Modules\\Components\\CorsValidate->handle()
#56 /home/domains/wapi.gki-webik.ru/public_html/vendor/laravel/framework/src/Illuminate/Pipeline/Pipeline.php(126): Illuminate\\Pipeline\\Pipeline->Illuminate\\Pipeline\\{closure}()
#57 /home/domains/wapi.gki-webik.ru/public_html/vendor/laravel/framework/src/Illuminate/Foundation/Http/Kernel.php(175): Illuminate\\Pipeline\\Pipeline->then()
#58 /home/domains/wapi.gki-webik.ru/public_html/vendor/laravel/framework/src/Illuminate/Foundation/Http/Kernel.php(144): Illuminate\\Foundation\\Http\\Kernel->sendRequestThroughRouter()
#59 /home/domains/wapi.gki-webik.ru/public_html/vendor/laravel/framework/src/Illuminate/Foundation/Application.php(1219): Illuminate\\Foundation\\Http\\Kernel->handle()
#60 /home/domains/wapi.gki-webik.ru/public_html/public/index.php(20): Illuminate\\Foundation\\Application->handleRequest()
#61 {main}
"} 
